<?xml version="1.0" encoding="UTF-8"?>
<testsuite name="com.bridgelabz.MoodAnalyserTest" tests="1" skipped="0" failures="0" errors="0" timestamp="2022-12-04T09:27:53" hostname="DESKTOP-6PP3VIO" time="0.036">
  <properties/>
  <testcase name="givenMessage_WhenProper_ShouldReturnHappy()" classname="com.bridgelabz.MoodAnalyserTest" time="0.036"/>
  <system-out><![CDATA[HAPPY
]]></system-out>
  <system-err><![CDATA[]]></system-err>
</testsuite>
